#
# A fatal error has been detected by the Java Runtime Environment:
#
#  EXCEPTION_ACCESS_VIOLATION (0xc0000005) at pc=0x00000000544e5077, pid=32556, tid=0x00000000000095e0
#
# JRE version: Java(TM) SE Runtime Environment (8.0_241-b07) (build 1.8.0_241-b07)
# Java VM: Java HotSpot(TM) 64-Bit Server VM (25.241-b07 mixed mode windows-amd64 compressed oops)
# Problematic frame:
# V  [jvm.dll+0x215077]
#
# Failed to write core dump. Minidumps are not enabled by default on client versions of Windows
#
# If you would like to submit a bug report, please visit:
#   http://bugreport.java.com/bugreport/crash.jsp
#

---------------  T H R E A D  ---------------

Current thread (0x000000002012e000):  JavaThread "Thread-122786" [_thread_in_vm, id=38368, stack(0x00000000014d0000,0x00000000015d0000)]

siginfo: ExceptionCode=0xc0000005, writing address 0x00000000015c85c0

Registers:
RAX=0x00000000015c85c0, RBX=0x0000000000000007, RCX=0x0000000000006000, RDX=0x0000000000000009
RSP=0x00000000015ce5c0, RBP=0x0000000000000000, RSI=0x00000000015ce5c0, RDI=0x0000000000000007
R8 =0x0000000000000009, R9 =0x0000000021103e10, R10=0x000000001cb7bfc0, R11=0x00000000014da148
R12=0x0000000021103e10, R13=0x000000002012e000, R14=0x00000000015ce688, R15=0x000000001cb7bfc0
RIP=0x00000000544e5077, EFLAGS=0x0000000000010206

Top of Stack: (sp=0x00000000015ce5c0)
0x00000000015ce5c0:   000000001cb7bfc0 000000002012e000
0x00000000015ce5d0:   000000002012e000 0000000021103e10
0x00000000015ce5e0:   00000000ffffffff 00000000544e5fa7
0x00000000015ce5f0:   00000000015ce6f0 000000001cb7bfc0
0x00000000015ce600:   000000002012e000 00000000015ce6f0
0x00000000015ce610:   0000000000000000 0000000000000000
0x00000000015ce620:   0000000000000000 0000000000000000
0x00000000015ce630:   000000001cb7bfc0 000000002012e000
0x00000000015ce640:   00000000038b6e60 0000000000000000
0x00000000015ce650:   0000000000000000 0000000000000000
0x00000000015ce660:   0000000000000000 0000000000000000
0x00000000015ce670:   0000000000000000 000000001cb7bfc0
0x00000000015ce680:   000000002012e000 000000002045f5b8
0x00000000015ce690:   0000000000000000 0000000000000000
0x00000000015ce6a0:   00000000015ce848 0000000000000000
0x00000000015ce6b0:   0000000000000000 0000000000000000 

Instructions: (pc=0x00000000544e5077)
0x00000000544e5057:   48 89 6c 24 30 33 ed 66 90 e8 3b 5c 08 00 ff c3
0x00000000544e5067:   48 63 c8 48 8b c6 48 0f af cf 48 ff c7 48 2b c1
0x00000000544e5077:   89 28 48 63 c3 48 3b 05 25 08 5a 00 7e db 48 8b
0x00000000544e5087:   6c 24 30 48 8b 5c 24 38 48 8b 74 24 40 48 83 c4 


Register to memory mapping:

RAX=0x00000000015c85c0 is pointing into the stack for thread: 0x000000002012e000
RBX=0x0000000000000007 is an unknown value
RCX=0x0000000000006000 is an unknown value
RDX=0x0000000000000009 is an unknown value
RSP=0x00000000015ce5c0 is pointing into the stack for thread: 0x000000002012e000
RBP=0x0000000000000000 is an unknown value
RSI=0x00000000015ce5c0 is pointing into the stack for thread: 0x000000002012e000
RDI=0x0000000000000007 is an unknown value
R8 =0x0000000000000009 is an unknown value
R9 =0x0000000021103e10 is an unknown value
R10={method} {0x000000001cb7bfc8} 'run' '()Ljava/lang/Object;' in 'java/net/Socket$2'
R11=0x00000000014da148 is pointing into the stack for thread: 0x000000002012e000
R12=0x0000000021103e10 is an unknown value
R13=0x000000002012e000 is a thread
R14=0x00000000015ce688 is pointing into the stack for thread: 0x000000002012e000
R15={method} {0x000000001cb7bfc8} 'run' '()Ljava/lang/Object;' in 'java/net/Socket$2'


Stack: [0x00000000014d0000,0x00000000015d0000],  sp=0x00000000015ce5c0,  free space=1017k
Native frames: (J=compiled Java code, j=interpreted, Vv=VM code, C=native code)

Java frames: (J=compiled Java code, j=interpreted, Vv=VM code)
J 1593  java.security.AccessController.doPrivileged(Ljava/security/PrivilegedExceptionAction;)Ljava/lang/Object; (0 bytes) @ 0x0000000003df0352 [0x0000000003df0300+0x52]
J 2447 C2 java.lang.Thread.run()V (17 bytes) @ 0x0000000004004ccc [0x0000000004004b20+0x1ac]
v  ~StubRoutines::call_stub

---------------  P R O C E S S  ---------------

Java Threads: ( => current thread )
=>0x000000002012e000 JavaThread "Thread-122786" [_thread_in_vm, id=38368, stack(0x00000000014d0000,0x00000000015d0000)]
  0x00000000203af800 JavaThread "Java2D Disposer" daemon [_thread_blocked, id=43080, stack(0x0000000023050000,0x0000000023150000)]
  0x0000000020f93800 JavaThread "Thread-2" [_thread_in_native, id=26268, stack(0x0000000022c10000,0x0000000022d10000)]
  0x0000000020754000 JavaThread "mysql-cj-abandoned-connection-cleanup" daemon [_thread_blocked, id=35500, stack(0x0000000021a20000,0x0000000021b20000)]
  0x000000000362a000 JavaThread "DestroyJavaVM" [_thread_blocked, id=36812, stack(0x0000000003520000,0x0000000003620000)]
  0x000000002045c800 JavaThread "Thread-0" [_thread_in_native, id=43476, stack(0x0000000021820000,0x0000000021920000)]
  0x0000000020341800 JavaThread "Service Thread" daemon [_thread_blocked, id=18888, stack(0x0000000021620000,0x0000000021720000)]
  0x00000000202c0000 JavaThread "C1 CompilerThread3" daemon [_thread_blocked, id=40660, stack(0x0000000021520000,0x0000000021620000)]
  0x000000002025b000 JavaThread "C2 CompilerThread2" daemon [_thread_blocked, id=32788, stack(0x0000000021420000,0x0000000021520000)]
  0x000000002025a000 JavaThread "C2 CompilerThread1" daemon [_thread_blocked, id=5412, stack(0x0000000021320000,0x0000000021420000)]
  0x0000000020257800 JavaThread "C2 CompilerThread0" daemon [_thread_blocked, id=41780, stack(0x0000000021220000,0x0000000021320000)]
  0x00000000202b0800 JavaThread "Monitor Ctrl-Break" daemon [_thread_in_native, id=22144, stack(0x0000000021120000,0x0000000021220000)]
  0x000000001f0e9000 JavaThread "Attach Listener" daemon [_thread_blocked, id=43120, stack(0x000000001f850000,0x000000001f950000)]
  0x000000001f0e8000 JavaThread "Signal Dispatcher" daemon [_thread_blocked, id=36824, stack(0x000000001f750000,0x000000001f850000)]
  0x000000001d288000 JavaThread "Finalizer" daemon [_thread_blocked, id=20488, stack(0x000000001f550000,0x000000001f650000)]
  0x000000001f070800 JavaThread "Reference Handler" daemon [_thread_blocked, id=8304, stack(0x000000001f450000,0x000000001f550000)]

Other Threads:
  0x000000001d279000 VMThread [stack: 0x000000001ef50000,0x000000001f050000] [id=18892]
  0x00000000203fd000 WatcherThread [stack: 0x0000000021720000,0x0000000021820000] [id=36088]

VM state:not at safepoint (normal execution)

VM Mutex/Monitor currently owned by a thread: None

heap address: 0x00000006c2400000, size: 4060 MB, Compressed Oops mode: Zero based, Oop shift amount: 3
Narrow klass base: 0x0000000000000000, Narrow klass shift: 3
Compressed class space size: 1073741824 Address: 0x00000007c0000000

Heap:
 PSYoungGen      total 32256K, used 4285K [0x000000076b700000, 0x0000000788700000, 0x00000007c0000000)
  eden space 31232K, 12% used [0x000000076b700000,0x000000076baaf4e0,0x000000076d580000)
  from space 1024K, 50% used [0x0000000788500000,0x0000000788580020,0x0000000788600000)
  to   space 1024K, 0% used [0x0000000788600000,0x0000000788600000,0x0000000788700000)
 ParOldGen       total 173568K, used 53634K [0x00000006c2400000, 0x00000006ccd80000, 0x000000076b700000)
  object space 173568K, 30% used [0x00000006c2400000,0x00000006c5860ac0,0x00000006ccd80000)
 Metaspace       used 12363K, capacity 12624K, committed 12800K, reserved 1060864K
  class space    used 1175K, capacity 1258K, committed 1280K, reserved 1048576K

Card table byte_map: [0x0000000012c30000,0x0000000013420000] byte_map_base: 0x000000000f61e000

Marking Bits: (ParMarkBitMap*) 0x0000000054afbe30
 Begin Bits: [0x0000000014170000, 0x00000000180e0000)
 End Bits:   [0x00000000180e0000, 0x000000001c050000)

Polling page: 0x0000000001860000

CodeCache: size=245760Kb used=10185Kb max_used=10220Kb free=235574Kb
 bounds [0x0000000003870000, 0x00000000042b0000, 0x0000000012870000]
 total_blobs=2862 nmethods=2440 adapters=334
 compilation: enabled

Compilation events (10 events):
Event: 1709.079 Thread 0x0000000020257800 nmethod 3087 0x0000000003abeed0 code [0x0000000003abf000, 0x0000000003abf098]
Event: 1709.082 Thread 0x000000002025a000 nmethod 3086 0x0000000003af2390 code [0x0000000003af2500, 0x0000000003af29a8]
Event: 1709.583 Thread 0x000000002025b000 3089       4       com.mysql.cj.conf.IntegerPropertyDefinition::isRangeBased (17 bytes)
Event: 1709.583 Thread 0x0000000020257800 3088   !   4       com.mysql.cj.NativeSession::buildCollationMapping (844 bytes)
Event: 1709.583 Thread 0x000000002025a000 3090   !   4       com.mysql.cj.jdbc.ConnectionImpl::handleAutoCommitDefaults (138 bytes)
Event: 1709.583 Thread 0x000000002025b000 nmethod 3089 0x0000000003dd5c90 code [0x0000000003dd5dc0, 0x0000000003dd5e38]
Event: 1709.583 Thread 0x000000002025b000 3091   !   4       com.mysql.cj.jdbc.AbandonedConnectionCleanupThread::trackConnection (60 bytes)
Event: 1709.593 Thread 0x000000002025b000 nmethod 3091 0x0000000003b0ac90 code [0x0000000003b0aea0, 0x0000000003b0b570]
Event: 1709.593 Thread 0x0000000020257800 nmethod 3088 0x0000000003c3c710 code [0x0000000003c3c900, 0x0000000003c3cf70]
Event: 1709.598 Thread 0x000000002025a000 nmethod 3090 0x0000000004200f10 code [0x00000000042010c0, 0x0000000004201808]

GC Heap History (10 events):
Event: 1958.490 GC heap before
{Heap before GC invocations=1241 (full 0):
 PSYoungGen      total 31744K, used 31696K [0x000000076b700000, 0x0000000788800000, 0x00000007c0000000)
  eden space 31232K, 100% used [0x000000076b700000,0x000000076d580000,0x000000076d580000)
  from space 512K, 90% used [0x0000000788780000,0x00000007887f4030,0x0000000788800000)
  to   space 1024K, 0% used [0x0000000788600000,0x0000000788600000,0x0000000788700000)
 ParOldGen       total 173568K, used 53426K [0x00000006c2400000, 0x00000006ccd80000, 0x000000076b700000)
  object space 173568K, 30% used [0x00000006c2400000,0x00000006c582cac0,0x00000006ccd80000)
 Metaspace       used 12363K, capacity 12624K, committed 12800K, reserved 1060864K
  class space    used 1175K, capacity 1258K, committed 1280K, reserved 1048576K
Event: 1958.493 GC heap after
Heap after GC invocations=1241 (full 0):
 PSYoungGen      total 32256K, used 496K [0x000000076b700000, 0x0000000788800000, 0x00000007c0000000)
  eden space 31232K, 0% used [0x000000076b700000,0x000000076b700000,0x000000076d580000)
  from space 1024K, 48% used [0x0000000788600000,0x000000078867c010,0x0000000788700000)
  to   space 1024K, 0% used [0x0000000788700000,0x0000000788700000,0x0000000788800000)
 ParOldGen       total 173568K, used 53458K [0x00000006c2400000, 0x00000006ccd80000, 0x000000076b700000)
  object space 173568K, 30% used [0x00000006c2400000,0x00000006c5834ac0,0x00000006ccd80000)
 Metaspace       used 12363K, capacity 12624K, committed 12800K, reserved 1060864K
  class space    used 1175K, capacity 1258K, committed 1280K, reserved 1048576K
}
Event: 1960.056 GC heap before
{Heap before GC invocations=1242 (full 0):
 PSYoungGen      total 32256K, used 31728K [0x000000076b700000, 0x0000000788800000, 0x00000007c0000000)
  eden space 31232K, 100% used [0x000000076b700000,0x000000076d580000,0x000000076d580000)
  from space 1024K, 48% used [0x0000000788600000,0x000000078867c010,0x0000000788700000)
  to   space 1024K, 0% used [0x0000000788700000,0x0000000788700000,0x0000000788800000)
 ParOldGen       total 173568K, used 53458K [0x00000006c2400000, 0x00000006ccd80000, 0x000000076b700000)
  object space 173568K, 30% used [0x00000006c2400000,0x00000006c5834ac0,0x00000006ccd80000)
 Metaspace       used 12363K, capacity 12624K, committed 12800K, reserved 1060864K
  class space    used 1175K, capacity 1258K, committed 1280K, reserved 1048576K
Event: 1960.057 GC heap after
Heap after GC invocations=1242 (full 0):
 PSYoungGen      total 31744K, used 448K [0x000000076b700000, 0x0000000788780000, 0x00000007c0000000)
  eden space 31232K, 0% used [0x000000076b700000,0x000000076b700000,0x000000076d580000)
  from space 512K, 87% used [0x0000000788700000,0x0000000788770020,0x0000000788780000)
  to   space 1024K, 0% used [0x0000000788580000,0x0000000788580000,0x0000000788680000)
 ParOldGen       total 173568K, used 53498K [0x00000006c2400000, 0x00000006ccd80000, 0x000000076b700000)
  object space 173568K, 30% used [0x00000006c2400000,0x00000006c583eac0,0x00000006ccd80000)
 Metaspace       used 12363K, capacity 12624K, committed 12800K, reserved 1060864K
  class space    used 1175K, capacity 1258K, committed 1280K, reserved 1048576K
}
Event: 1961.623 GC heap before
{Heap before GC invocations=1243 (full 0):
 PSYoungGen      total 31744K, used 31680K [0x000000076b700000, 0x0000000788780000, 0x00000007c0000000)
  eden space 31232K, 100% used [0x000000076b700000,0x000000076d580000,0x000000076d580000)
  from space 512K, 87% used [0x0000000788700000,0x0000000788770020,0x0000000788780000)
  to   space 1024K, 0% used [0x0000000788580000,0x0000000788580000,0x0000000788680000)
 ParOldGen       total 173568K, used 53498K [0x00000006c2400000, 0x00000006ccd80000, 0x000000076b700000)
  object space 173568K, 30% used [0x00000006c2400000,0x00000006c583eac0,0x00000006ccd80000)
 Metaspace       used 12363K, capacity 12624K, committed 12800K, reserved 1060864K
  class space    used 1175K, capacity 1258K, committed 1280K, reserved 1048576K
Event: 1961.626 GC heap after
Heap after GC invocations=1243 (full 0):
 PSYoungGen      total 32256K, used 512K [0x000000076b700000, 0x0000000788780000, 0x00000007c0000000)
  eden space 31232K, 0% used [0x000000076b700000,0x000000076b700000,0x000000076d580000)
  from space 1024K, 50% used [0x0000000788580000,0x0000000788600020,0x0000000788680000)
  to   space 1024K, 0% used [0x0000000788680000,0x0000000788680000,0x0000000788780000)
 ParOldGen       total 173568K, used 53538K [0x00000006c2400000, 0x00000006ccd80000, 0x000000076b700000)
  object space 173568K, 30% used [0x00000006c2400000,0x00000006c5848ac0,0x00000006ccd80000)
 Metaspace       used 12363K, capacity 12624K, committed 12800K, reserved 1060864K
  class space    used 1175K, capacity 1258K, committed 1280K, reserved 1048576K
}
Event: 1963.189 GC heap before
{Heap before GC invocations=1244 (full 0):
 PSYoungGen      total 32256K, used 31744K [0x000000076b700000, 0x0000000788780000, 0x00000007c0000000)
  eden space 31232K, 100% used [0x000000076b700000,0x000000076d580000,0x000000076d580000)
  from space 1024K, 50% used [0x0000000788580000,0x0000000788600020,0x0000000788680000)
  to   space 1024K, 0% used [0x0000000788680000,0x0000000788680000,0x0000000788780000)
 ParOldGen       total 173568K, used 53538K [0x00000006c2400000, 0x00000006ccd80000, 0x000000076b700000)
  object space 173568K, 30% used [0x00000006c2400000,0x00000006c5848ac0,0x00000006ccd80000)
 Metaspace       used 12363K, capacity 12624K, committed 12800K, reserved 1060864K
  class space    used 1175K, capacity 1258K, committed 1280K, reserved 1048576K
Event: 1963.191 GC heap after
Heap after GC invocations=1244 (full 0):
 PSYoungGen      total 31744K, used 448K [0x000000076b700000, 0x0000000788700000, 0x00000007c0000000)
  eden space 31232K, 0% used [0x000000076b700000,0x000000076b700000,0x000000076d580000)
  from space 512K, 87% used [0x0000000788680000,0x00000007886f0020,0x0000000788700000)
  to   space 1024K, 0% used [0x0000000788500000,0x0000000788500000,0x0000000788600000)
 ParOldGen       total 173568K, used 53578K [0x00000006c2400000, 0x00000006ccd80000, 0x000000076b700000)
  object space 173568K, 30% used [0x00000006c2400000,0x00000006c5852ac0,0x00000006ccd80000)
 Metaspace       used 12363K, capacity 12624K, committed 12800K, reserved 1060864K
  class space    used 1175K, capacity 1258K, committed 1280K, reserved 1048576K
}
Event: 1964.757 GC heap before
{Heap before GC invocations=1245 (full 0):
 PSYoungGen      total 31744K, used 31680K [0x000000076b700000, 0x0000000788700000, 0x00000007c0000000)
  eden space 31232K, 100% used [0x000000076b700000,0x000000076d580000,0x000000076d580000)
  from space 512K, 87% used [0x0000000788680000,0x00000007886f0020,0x0000000788700000)
  to   space 1024K, 0% used [0x0000000788500000,0x0000000788500000,0x0000000788600000)
 ParOldGen       total 173568K, used 53578K [0x00000006c2400000, 0x00000006ccd80000, 0x000000076b700000)
  object space 173568K, 30% used [0x00000006c2400000,0x00000006c5852ac0,0x00000006ccd80000)
 Metaspace       used 12363K, capacity 12624K, committed 12800K, reserved 1060864K
  class space    used 1175K, capacity 1258K, committed 1280K, reserved 1048576K
Event: 1964.759 GC heap after
Heap after GC invocations=1245 (full 0):
 PSYoungGen      total 32256K, used 512K [0x000000076b700000, 0x0000000788700000, 0x00000007c0000000)
  eden space 31232K, 0% used [0x000000076b700000,0x000000076b700000,0x000000076d580000)
  from space 1024K, 50% used [0x0000000788500000,0x0000000788580020,0x0000000788600000)
  to   space 1024K, 0% used [0x0000000788600000,0x0000000788600000,0x0000000788700000)
 ParOldGen       total 173568K, used 53634K [0x00000006c2400000, 0x00000006ccd80000, 0x000000076b700000)
  object space 173568K, 30% used [0x00000006c2400000,0x00000006c5860ac0,0x00000006ccd80000)
 Metaspace       used 12363K, capacity 12624K, committed 12800K, reserved 1060864K
  class space    used 1175K, capacity 1258K, committed 1280K, reserved 1048576K
}

Deoptimization events (10 events):
Event: 27.960 Thread 0x00000000202b1000 Uncommon trap: reason=unstable_if action=reinterpret pc=0x0000000003a4a9a0 method=java.util.HashMap.putVal(ILjava/lang/Object;Ljava/lang/Object;ZZ)Ljava/lang/Object; @ 81
Event: 44.334 Thread 0x00000000210e3800 Uncommon trap: reason=unstable_if action=reinterpret pc=0x0000000003cf7f18 method=sun.util.calendar.ZoneInfo.getOffsets(J[II)I @ 4
Event: 44.402 Thread 0x0000000020e20000 Uncommon trap: reason=null_check action=make_not_entrant pc=0x0000000003d64b00 method=java.text.SimpleDateFormat.checkNegativeNumberExpression()V @ 40
Event: 45.291 Thread 0x0000000020e20000 Uncommon trap: reason=unstable_if action=reinterpret pc=0x0000000003db9048 method=GameLogic.GameController.playerTurn(Ljava/lang/String;)V @ 185
Event: 65.296 Thread 0x0000000020e20000 Uncommon trap: reason=unloaded action=reinterpret pc=0x0000000003dcbb88 method=GameLogic.GameController.playerTurn(Ljava/lang/String;)V @ 271
Event: 484.938 Thread 0x000000002012d000 Uncommon trap: reason=null_check action=make_not_entrant pc=0x0000000003db945c method=java.io.ObjectStreamClass.getField(Ljava/lang/String;Ljava/lang/Class;)Ljava/io/ObjectStreamField; @ 67
Event: 684.579 Thread 0x000000002012c800 Uncommon trap: reason=bimorphic action=maybe_recompile pc=0x0000000003ddf9f8 method=java.lang.ThreadLocal.get()Ljava/lang/Object; @ 6
Event: 879.184 Thread 0x000000001fd41800 Uncommon trap: reason=bimorphic action=maybe_recompile pc=0x0000000003ddf9f8 method=java.lang.ThreadLocal.get()Ljava/lang/Object; @ 6
Event: 885.228 Thread 0x000000001fd3f800 Uncommon trap: reason=bimorphic action=maybe_recompile pc=0x0000000003ddf9f8 method=java.lang.ThreadLocal.get()Ljava/lang/Object; @ 6
Event: 1453.132 Thread 0x00000000202bf000 Uncommon trap: reason=null_check action=make_not_entrant pc=0x00000000042494e8 method=com.mysql.cj.protocol.a.NativeAuthenticationProvider.proceedHandshakeWithPluggableAuthentication(Lcom/mysql/cj/protocol/ServerSession;Ljava/lang/String;Ljava/lang/String

Classes redefined (0 events):
No events

Internal exceptions (10 events):
Event: 44.402 Thread 0x0000000020e20000 Implicit null exception at 0x0000000003d634e2 to 0x0000000003d64ad5
Event: 44.724 Thread 0x0000000021fc1800 Exception <a 'java/lang/NoSuchMethodError': <clinit>> (0x000000076e059fc0) thrown at [C:\ade\jenkins\workspace\8-2-build-windows-amd64-cygwin\jdk8u241\331\hotspot\src\share\vm\prims\jni.cpp, line 1614]
Event: 44.724 Thread 0x0000000020338000 Exception <a 'java/lang/NoSuchMethodError': <clinit>> (0x000000076e002710) thrown at [C:\ade\jenkins\workspace\8-2-build-windows-amd64-cygwin\jdk8u241\331\hotspot\src\share\vm\prims\jni.cpp, line 1614]
Event: 44.726 Thread 0x0000000021fc1800 Exception <a 'java/lang/NoSuchMethodError': <clinit>> (0x000000076e062af8) thrown at [C:\ade\jenkins\workspace\8-2-build-windows-amd64-cygwin\jdk8u241\331\hotspot\src\share\vm\prims\jni.cpp, line 1614]
Event: 44.726 Thread 0x0000000020338000 Exception <a 'java/lang/NoSuchMethodError': <clinit>> (0x000000076e00d740) thrown at [C:\ade\jenkins\workspace\8-2-build-windows-amd64-cygwin\jdk8u241\331\hotspot\src\share\vm\prims\jni.cpp, line 1614]
Event: 44.727 Thread 0x0000000020338000 Exception <a 'java/lang/NoSuchMethodError': <clinit>> (0x000000076e016098) thrown at [C:\ade\jenkins\workspace\8-2-build-windows-amd64-cygwin\jdk8u241\331\hotspot\src\share\vm\prims\jni.cpp, line 1614]
Event: 44.727 Thread 0x0000000021fc1800 Exception <a 'java/lang/NoSuchMethodError': <clinit>> (0x000000076e065ad0) thrown at [C:\ade\jenkins\workspace\8-2-build-windows-amd64-cygwin\jdk8u241\331\hotspot\src\share\vm\prims\jni.cpp, line 1614]
Event: 46.538 Thread 0x00000000222e6800 Exception <a 'java/lang/NoSuchMethodError': <clinit>> (0x000000076c0c6c18) thrown at [C:\ade\jenkins\workspace\8-2-build-windows-amd64-cygwin\jdk8u241\331\hotspot\src\share\vm\prims\jni.cpp, line 1614]
Event: 65.306 Thread 0x0000000020e20000 Exception <a 'java/lang/NullPointerException'> (0x000000076b7211a0) thrown at [C:\ade\jenkins\workspace\8-2-build-windows-amd64-cygwin\jdk8u241\331\hotspot\src\share\vm\interpreter\linkResolver.cpp, line 1185]
Event: 1453.132 Thread 0x00000000202bf000 Implicit null exception at 0x000000000424391c to 0x00000000042494b1

Events (10 events):
Event: 1964.792 Thread 0x000000002012f800 Thread exited: 0x000000002012f800
Event: 1964.824 Thread 0x000000002012d000 Thread added: 0x000000002012d000
Event: 1964.824 Thread 0x000000002012e800 Thread added: 0x000000002012e800
Event: 1964.824 Thread 0x000000002012e800 Thread exited: 0x000000002012e800
Event: 1964.824 Thread 0x000000002012d000 Thread exited: 0x000000002012d000
Event: 1964.858 Thread 0x000000002012d000 Thread added: 0x000000002012d000
Event: 1964.859 Thread 0x000000002012d000 Thread exited: 0x000000002012d000
Event: 1964.861 Thread 0x000000002012f800 Thread added: 0x000000002012f800
Event: 1964.863 Thread 0x000000002012f800 Thread exited: 0x000000002012f800
Event: 1964.890 Thread 0x000000002012e000 Thread added: 0x000000002012e000


Dynamic libraries:
0x00007ff7f2cd0000 - 0x00007ff7f2d07000 	C:\Program Files\Java\jdk1.8.0_241\bin\java.exe
0x00007ffeda6e0000 - 0x00007ffeda8d0000 	C:\WINDOWS\SYSTEM32\ntdll.dll
0x00007ffeda440000 - 0x00007ffeda4f2000 	C:\WINDOWS\System32\KERNEL32.DLL
0x00007ffed7970000 - 0x00007ffed7c13000 	C:\WINDOWS\System32\KERNELBASE.dll
0x00007ffed9500000 - 0x00007ffed95a3000 	C:\WINDOWS\System32\ADVAPI32.dll
0x00007ffed8b50000 - 0x00007ffed8bee000 	C:\WINDOWS\System32\msvcrt.dll
0x00007ffeda340000 - 0x00007ffeda3d7000 	C:\WINDOWS\System32\sechost.dll
0x00007ffed8d50000 - 0x00007ffed8e70000 	C:\WINDOWS\System32\RPCRT4.dll
0x00007ffeda060000 - 0x00007ffeda1f4000 	C:\WINDOWS\System32\USER32.dll
0x00007ffed7670000 - 0x00007ffed7691000 	C:\WINDOWS\System32\win32u.dll
0x00007ffeda670000 - 0x00007ffeda696000 	C:\WINDOWS\System32\GDI32.dll
0x00007ffed85f0000 - 0x00007ffed8784000 	C:\WINDOWS\System32\gdi32full.dll
0x00007ffed7750000 - 0x00007ffed77ee000 	C:\WINDOWS\System32\msvcp_win.dll
0x00007ffed83a0000 - 0x00007ffed849a000 	C:\WINDOWS\System32\ucrtbase.dll
0x00007ffec4ae0000 - 0x00007ffec4d65000 	C:\WINDOWS\WinSxS\amd64_microsoft.windows.common-controls_6595b64144ccf1df_6.0.18362.720_none_e6beb5c51314836b\COMCTL32.dll
0x00007ffed8790000 - 0x00007ffed8ac6000 	C:\WINDOWS\System32\combase.dll
0x00007ffed77f0000 - 0x00007ffed7870000 	C:\WINDOWS\System32\bcryptPrimitives.dll
0x00007ffed8e70000 - 0x00007ffed8e9e000 	C:\WINDOWS\System32\IMM32.DLL
0x0000000054b80000 - 0x0000000054c52000 	C:\Program Files\Java\jdk1.8.0_241\jre\bin\msvcr100.dll
0x00000000542d0000 - 0x0000000054b7c000 	C:\Program Files\Java\jdk1.8.0_241\jre\bin\server\jvm.dll
0x00007ffeda560000 - 0x00007ffeda568000 	C:\WINDOWS\System32\PSAPI.DLL
0x00007ffec31d0000 - 0x00007ffec31d9000 	C:\WINDOWS\SYSTEM32\WSOCK32.dll
0x00007ffeccde0000 - 0x00007ffeccdea000 	C:\WINDOWS\SYSTEM32\VERSION.dll
0x00007ffeda2d0000 - 0x00007ffeda33f000 	C:\WINDOWS\System32\WS2_32.dll
0x00007ffed2050000 - 0x00007ffed2074000 	C:\WINDOWS\SYSTEM32\WINMM.dll
0x00007ffed2020000 - 0x00007ffed204d000 	C:\WINDOWS\SYSTEM32\winmmbase.dll
0x00007ffed7700000 - 0x00007ffed774a000 	C:\WINDOWS\System32\cfgmgr32.dll
0x00007ffebe4f0000 - 0x00007ffebe4ff000 	C:\Program Files\Java\jdk1.8.0_241\jre\bin\verify.dll
0x00007ffe9d7a0000 - 0x00007ffe9d7c9000 	C:\Program Files\Java\jdk1.8.0_241\jre\bin\java.dll
0x00007ffeb9160000 - 0x00007ffeb9183000 	C:\Program Files\Java\jdk1.8.0_241\jre\bin\instrument.dll
0x00007ffeade90000 - 0x00007ffeadea6000 	C:\Program Files\Java\jdk1.8.0_241\jre\bin\zip.dll
0x00007ffed9630000 - 0x00007ffed9d15000 	C:\WINDOWS\System32\SHELL32.dll
0x00007ffed9fb0000 - 0x00007ffeda059000 	C:\WINDOWS\System32\shcore.dll
0x00007ffed7c20000 - 0x00007ffed83a0000 	C:\WINDOWS\System32\windows.storage.dll
0x00007ffed75d0000 - 0x00007ffed75f3000 	C:\WINDOWS\System32\profapi.dll
0x00007ffed7620000 - 0x00007ffed766a000 	C:\WINDOWS\System32\powrprof.dll
0x00007ffed75a0000 - 0x00007ffed75b0000 	C:\WINDOWS\System32\UMPDC.dll
0x00007ffeda3e0000 - 0x00007ffeda432000 	C:\WINDOWS\System32\shlwapi.dll
0x00007ffed75b0000 - 0x00007ffed75c1000 	C:\WINDOWS\System32\kernel.appcore.dll
0x00007ffed7870000 - 0x00007ffed7887000 	C:\WINDOWS\System32\cryptsp.dll
0x00007ffec64b0000 - 0x00007ffec64ca000 	C:\Program Files\JetBrains\IntelliJ IDEA 2019.1.3\bin\breakgen64.dll
0x00007ffea5b50000 - 0x00007ffea5b6a000 	C:\Program Files\Java\jdk1.8.0_241\jre\bin\net.dll
0x00007ffed6e10000 - 0x00007ffed6e77000 	C:\WINDOWS\system32\mswsock.dll
0x00007ffe8ec40000 - 0x00007ffe8edda000 	C:\Program Files\Java\jdk1.8.0_241\jre\bin\awt.dll
0x00007ffed9d30000 - 0x00007ffed9df4000 	C:\WINDOWS\System32\OLEAUT32.dll
0x00007ffed2320000 - 0x00007ffed23af000 	C:\WINDOWS\SYSTEM32\apphelp.dll
0x00007ffed2e60000 - 0x00007ffed3054000 	C:\WINDOWS\SYSTEM32\dbghelp.dll

VM Arguments:
jvm_args: -javaagent:C:\Program Files\JetBrains\IntelliJ IDEA 2019.1.3\lib\idea_rt.jar=10348:C:\Program Files\JetBrains\IntelliJ IDEA 2019.1.3\bin -Dfile.encoding=UTF-8 
java_command: Server.Start
java_class_path (initial): C:\Program Files\Java\jdk1.8.0_241\jre\lib\charsets.jar;C:\Program Files\Java\jdk1.8.0_241\jre\lib\deploy.jar;C:\Program Files\Java\jdk1.8.0_241\jre\lib\ext\access-bridge-64.jar;C:\Program Files\Java\jdk1.8.0_241\jre\lib\ext\cldrdata.jar;C:\Program Files\Java\jdk1.8.0_241\jre\lib\ext\dnsns.jar;C:\Program Files\Java\jdk1.8.0_241\jre\lib\ext\jaccess.jar;C:\Program Files\Java\jdk1.8.0_241\jre\lib\ext\jfxrt.jar;C:\Program Files\Java\jdk1.8.0_241\jre\lib\ext\localedata.jar;C:\Program Files\Java\jdk1.8.0_241\jre\lib\ext\nashorn.jar;C:\Program Files\Java\jdk1.8.0_241\jre\lib\ext\sunec.jar;C:\Program Files\Java\jdk1.8.0_241\jre\lib\ext\sunjce_provider.jar;C:\Program Files\Java\jdk1.8.0_241\jre\lib\ext\sunmscapi.jar;C:\Program Files\Java\jdk1.8.0_241\jre\lib\ext\sunpkcs11.jar;C:\Program Files\Java\jdk1.8.0_241\jre\lib\ext\zipfs.jar;C:\Program Files\Java\jdk1.8.0_241\jre\lib\javaws.jar;C:\Program Files\Java\jdk1.8.0_241\jre\lib\jce.jar;C:\Program Files\Java\jdk1.8.0_241\jre\lib\jfr.jar;C:\Program Files\Java\jdk1.8.0_241\jre\lib\jfxswt.jar;C:\Program Files\Java\jdk1.8.0_241\jre\lib\jsse.jar;C:\Program Files\Java\jdk1.8.0_241\jre\lib\management-agent.jar;C:\Program Files\Java\jdk1.8.0_241\jre\lib\plugin.jar;C:\Program Files\Java\jdk1.8.0_241\jre\lib\resources.jar;C:\Program Files\Java\jdk1.8.0_241\jre\lib\rt.jar;D:\Github\battlezone\Server1\out\production\Server1;D:\Github\lib\mysql-connector-java-8.0.15.jar;D:\Github\lib\sun.misc.BASE64Decoder.jar;D:\Github\lib\gwt-2.8.2\gwt-dev.jar;D:\Github\lib\gwt-2.8.2\gwt-user.jar;D:\Github\lib\gwt-2.8.2\gwt-servlet.jar;D:\Github\lib\gwt-2.8.2\gwt-elemental.jar;D:\Github\lib\gwt-2.8.2\gwt-codeserver.jar;D:\Github\lib\gwt-2.8.2\gwt-api-checker.jar;D:\Github\lib\gwt-2.8.2\gwt-servlet-deps.jar;D:\Github\lib\gwt-2.8.2\requestfactory-apt.jar;D:\Github\lib\gwt-2.8.2\requestfactory-client.jar;D:\Github\lib\gwt-2.8.2\requestfactory-server.jar;D:\Github\lib\gwt-2.8.2\requestfactory-apt-src.jar;D:\Github\lib\gwt-2.8.2\v
Launcher Type: SUN_STANDARD

Environment Variables:
PATH=C:\Program Files (x86)\Common Files\Oracle\Java\javapath;C:\Program Files (x86)\NetSarang\Xftp 6\;C:\Program Files (x86)\Common Files\Intel\Shared Libraries\redist\intel64\compiler;C:\WINDOWS\system32;C:\WINDOWS;C:\WINDOWS\System32\Wbem;C:\WINDOWS\System32\WindowsPowerShell\v1.0\;C:\WINDOWS\System32\OpenSSH\;C:\Program Files (x86)\NVIDIA Corporation\PhysX\Common;C:\Program Files\NVIDIA Corporation\NVIDIA NvDLISR;C:\Program Files\dotnet\;C:\WINDOWS\system32;C:\WINDOWS;C:\WINDOWS\System32\Wbem;C:\WINDOWS\System32\WindowsPowerShell\v1.0\;C:\WINDOWS\System32\OpenSSH\;C:\Program Files (x86)\Intel\Intel(R) Management Engine Components\DAL;C:\Program Files\Intel\Intel(R) Management Engine Components\DAL;C:\Program Files\Git\cmd;D:\Program Files\MatLab\bin;C:\Program Files\MySQL\MySQL Shell 8.0\bin\;C:\Users\24957\AppData\Local\GitHubDesktop\bin;C:\Users\24957\AppData\Local\Microsoft\WindowsApps;C:\Users\24957\AppData\Local\Programs\Microsoft VS Code\bin;C:\Users\24957\AppData\Local\Programs\Python\Python37;C:\MinGW\bin;C:\Program Files\Java\jdk-12.0.2\bin;C:\Program Files (x86)\chromedriver_win32;C:\Program Files\Java\jdk1.8.0_241\bin;C:\Program Files\Java\gradle-6.1\bin;
USERNAME=24957
OS=Windows_NT
PROCESSOR_IDENTIFIER=Intel64 Family 6 Model 158 Stepping 9, GenuineIntel



---------------  S Y S T E M  ---------------

OS: Windows 10.0 , 64 bit Build 18362 (10.0.18362.329)

CPU:total 8 (initial active 8) (4 cores per cpu, 2 threads per core) family 6 model 158 stepping 9, cmov, cx8, fxsr, mmx, sse, sse2, sse3, ssse3, sse4.1, sse4.2, popcnt, avx, avx2, aes, clmul, erms, 3dnowpref, lzcnt, ht, tsc, tscinvbit, bmi1, bmi2, adx

Memory: 4k page, physical 16622644k(287360k free), swap 66954292k(12k free)

vm_info: Java HotSpot(TM) 64-Bit Server VM (25.241-b07) for windows-amd64 JRE (1.8.0_241-b07), built on Dec 11 2019 10:21:40 by "rejava" with MS VC++ 10.0 (VS2010)

time: Tue Apr 14 16:42:35 2020
timezone: China Standard Time
elapsed time: 1964 seconds (0d 0h 32m 44s)

